0: 59 13.45
1: 65 9.43
2: 55 11.22
3: 58 10.56
4: 48 6.07
5: 65 14.12
6: 49 8.53
7: 48 7.75
8: 42 0.00
9: 39 5.73
10: 50 8.38
11: 57 6.70
12: 52 7.97
13: 61 5.17
14: 59 0.95
15: 56 0.00
16: 54 6.91
17: 54 1.31
18: 59 24.41
19: 48 0.00
20: 56 8.41
21: 55 2.88
22: 53 4.65
23: 56 7.07
24: 49 6.84
25: 62 13.01
26: 62 1.87
27: 54 4.94
28: 54 6.40
29: 62 6.30
30: 62 10.83
31: 47 6.10
32: 59 8.24
33: 58 1.87
34: 60 3.46
35: 63 7.97
36: 52 6.53
37: 59 5.82
38: 60 12.73
39: 60 13.11
40: 60 0.00
41: 60 2.83
42: 41 1.92
43: 57 8.05
44: 61 9.43
45: 60 9.49
46: 42 1.90
47: 48 5.10
48: 54 5.79
49: 33 8.29
50: 34 2.31
51: 47 4.70
52: 39 4.33
53: 49 7.36
54: 37 5.76
55: 27 3.94
56: 36 6.54
57: 41 7.13
58: 29 2.36
59: 41 4.78
60: 54 4.94
61: 50 10.99
62: 49 8.18
63: 50 6.16
64: 45 3.14
65: 61 12.55
66: 23 2.61
67: 60 8.76
68: 70 16.37
69: 56 9.64
70: 60 13.56
71: 67 10.28
72: 57 6.95
73: 57 2.87
74: 54 5.66
75: 53 5.07
76: 56 6.54
77: 45 7.87
78: 59 0.95
79: 47 0.96
80: 53 4.11
81: 53 1.91
82: 61 3.09
83: 51 4.89
84: 49 4.04
85: 49 2.49
86: 57 7.05
87: 55 8.94
88: 58 1.91
89: 58 1.91
90: 56 0.00
91: 58 6.80
92: 53 5.19
93: 51 2.83
94: 56 6.43
95: 58 6.34
96: 52 3.74
97: 55 4.99
98: 66 2.90
99: 56 1.89
100: 58 1.87
101: 88 10.93
102: 57 4.37
103: 55 2.83
104: 86 3.22
105: 52 5.97
106: 58 5.96
107: 58 5.12
108: 52 3.68
109: 57 7.27
110: 52 2.58
111: 56 0.00
112: 95 11.94
113: 57 6.99
114: 55 4.99
115: 55 6.52
116: 62 7.04
117: 60 4.24
118: 56 0.00
119: 60 0.00
120: 40 4.50
121: 56 3.79
122: 57 1.91
123: 52 1.89
124: 60 2.83
125: 49 0.00
126: 61 4.56
127: 52 8.93
128: 59 2.56
129: 57 1.50
130: 52 1.41
131: 55 10.04
132: 57 3.33
133: 65 7.30
134: 66 0.96
135: 68 5.85
136: 66 11.02
137: 65 6.52
138: 65 3.07
139: 61 4.97
140: 67 7.13
141: 93 14.09
142: 87 9.29
143: 80 12.49
144: 74 5.63
145: 67 2.89
146: 51 9.97
147: 60 4.00
148: 104 9.96
149: 48 4.00
150: 56 0.00
151: 69 3.86
152: 60 8.94
153: 73 5.49
154: 73 8.06
155: 65 9.51
156: 64 0.94
157: 67 7.13
158: 67 3.79
159: 80 10.39
160: 76 3.96
161: 77 7.68
162: 73 8.03
163: 50 1.92
164: 44 5.67
165: 57 15.28
166: 110 9.89
167: 57 9.77
168: 53 9.32
169: 52 4.65
170: 54 6.28
171: 53 2.81
172: 63 2.45
173: 60 10.68
174: 50 3.62
175: 61 1.20
176: 56 3.27
177: 54 8.70
178: 59 8.60
179: 54 3.87
180: 53 0.96
181: 56 3.16
182: 45 6.48
183: 42 2.83
184: 39 0.89
185: 40 0.00
186: 40 1.83
187: 65 9.35
188: 37 3.54
189: 65 3.38
190: 51 4.77
191: 40 8.45
192: 44 4.00
193: 51 7.96
194: 44 9.35
195: 56 4.73
196: 42 2.00
197: 84 0.00
198: 98 4.53
199: 83 5.56
200: 61 6.07
201: 84 0.00
202: 74 2.86
203: 54 5.10
204: 72 1.90
205: 61 1.89
206: 64 0.00
207: 54 4.18
208: 59 2.87
209: 72 0.00
210: 46 1.91
211: 104 5.64
212: 91 7.93
213: 36 6.32
214: 81 6.80
215: 55 8.30
216: 72 0.00
217: 87 7.66
218: 72 9.06
219: 54 2.53
220: 55 7.93
221: 60 8.00
222: 57 4.57
223: 55 6.70
224: 47 12.52
225: 68 5.03
226: 40 3.99
227: 49 8.18
228: 43 5.55
229: 40 2.05
230: 51 1.97
231: 55 6.22
232: 41 6.70
233: 56 0.00
234: 54 4.94
235: 58 2.86
236: 61 3.09
237: 84 12.91
238: 55 0.00
239: 48 5.10
240: 84 0.00
241: 60 4.11
242: 61 8.54
243: 65 8.86
244: 48 2.00
245: 60 4.24
246: 58 9.86
247: 61 3.09
248: 59 5.19
249: 58 1.87
250: 54 1.71
251: 70 0.00
252: 58 2.35
253: 58 1.90
254: 59 5.68
255: 55 0.91
256: 57 2.83
257: 52 2.83
258: 55 6.70
259: 43 9.86
260: 54 4.94
261: 54 4.94
262: 44 9.80
263: 58 19.20
264: 45 6.04
265: 48 0.00
266: 38 2.94
267: 50 0.00
268: 75 1.91
269: 28 4.00
270: 39 8.88
271: 36 7.62
272: 54 6.59
273: 43 7.80
274: 51 4.77
275: 41 3.85
276: 45 6.93
277: 41 2.19
278: 39 4.77
279: 76 4.97
280: 37 5.42
281: 38 5.03
282: 39 8.88
283: 39 6.23
284: 38 9.02
285: 37 6.74
286: 78 11.64
287: 39 7.27
288: 37 9.89
289: 38 3.12
290: 57 8.05
291: 59 8.24
292: 48 8.99
293: 54 6.63
294: 47 5.62
295: 47 6.12
296: 60 12.73
297: 60 2.83
298: 58 1.87
299: 41 1.92
300: 61 9.43
301: 56 0.00
302: 52 0.00
303: 60 9.49
304: 57 8.46
305: 48 0.00
306: 40 4.92
307: 43 2.98
308: 39 4.85
309: 45 6.93
310: 32 0.00
311: 32 5.93
312: 25 0.82
313: 19 4.98
314: 28 0.00
315: 20 2.00
316: 12 0.00
317: 26 4.62
318: 18 3.35
319: 23 2.68
320: 37 4.41
321: 37 5.55
322: 34 12.04
323: 47 18.67
324: 41 5.90
325: 20 1.15
326: 29 8.05
327: 32 5.10
328: 42 4.47
329: 43 0.00
330: 37 4.89
331: 23 2.60
332: 81 16.15
333: 77 9.17
334: 54 7.84
335: 43 8.54
336: 55 7.27
337: 34 2.24
338: 52 8.35
339: 30 14.70
340: 47 4.70
341: 52 11.05
342: 43 7.80
343: 46 0.89
344: 43 2.81
345: 25 2.60
346: 41 2.98
347: 35 1.41
348: 33 2.33
349: 22 4.08
350: 20 3.46
351: 44 4.90
352: 46 2.62
353: 55 7.13
354: 48 5.10
355: 74 1.31
356: 19 2.94
357: 39 6.14
358: 40 4.97
359: 65 17.91
360: 43 3.75
361: 58 4.50
362: 58 9.14
363: 48 7.48
364: 77 10.49
365: 64 8.02
366: 67 7.80
367: 31 2.98
368: 41 4.92
369: 43 0.93
370: 47 0.96
371: 71 11.87
372: 40 2.83
373: 48 8.49
374: 39 5.45
375: 40 1.85
376: 57 14.60
377: 39 6.23
378: 41 7.27
379: 51 9.14
380: 43 3.75
381: 60 4.77
382: 52 4.78
383: 60 10.49
384: 48 10.24
385: 42 3.90
386: 58 5.06
387: 58 6.80
388: 50 10.20
389: 48 5.10
390: 47 0.96
391: 48 6.63
392: 50 7.54
393: 56 2.83
394: 36 6.00
395: 31 3.58
396: 42 3.16
397: 54 0.00
398: 51 6.60
399: 48 4.47
400: 52 5.45
401: 43 6.70
402: 42 1.41
403: 103 5.45
404: 74 5.26
405: 61 9.24
406: 73 9.16
407: 64 6.44
408: 69 4.02
409: 84 5.10
410: 63 0.00
411: 60 9.38
412: 57 4.69
413: 63 1.79
414: 65 6.40
415: 65 8.40
416: 78 3.12
417: 84 0.00
418: 74 2.22
419: 96 3.46
420: 72 2.45
421: 45 3.70
422: 52 15.77
423: 48 6.48
424: 50 11.49
425: 44 6.89
426: 40 11.72
427: 35 4.00
428: 49 3.85
429: 40 4.84
430: 49 3.74
431: 45 5.43
432: 24 6.78
433: 43 4.85
434: 34 5.03
435: 37 4.17
436: 44 2.83
437: 48 7.54
438: 47 6.39
439: 49 7.75
440: 44 3.74
441: 49 4.98
442: 98 4.53
443: 83 5.56
444: 61 6.07
445: 84 0.00
446: 74 2.86
447: 54 5.10
448: 72 1.90
449: 61 1.89
450: 64 0.00
451: 54 4.18
452: 59 2.87
453: 72 0.00
454: 46 1.91
455: 104 5.64
456: 91 7.93
457: 36 6.32
458: 81 6.80
459: 55 8.30
460: 72 0.00
461: 87 7.66
462: 72 9.06
463: 54 2.53
464: 98 4.53
465: 83 5.56
466: 61 6.07
467: 84 0.00
468: 74 2.86
469: 54 5.10
470: 72 1.90
471: 61 1.89
472: 64 0.00
473: 54 4.18
474: 59 2.87
475: 72 0.00
476: 46 1.91
477: 104 5.64
478: 91 7.93
479: 36 6.32
480: 81 6.80
481: 55 8.30
482: 72 0.00
483: 87 7.66
484: 72 9.06
485: 54 2.53
486: 48 9.32
487: 53 4.99
488: 48 0.00
489: 3 0.71
490: 60 2.83
491: 45 2.06
492: 50 7.58
493: 63 7.45
494: 53 3.98
495: 52 4.87
496: 44 1.83
497: 55 7.52
498: 54 7.46
499: 45 4.42
500: 57 9.32
501: 45 3.74
502: 59 7.47
503: 54 7.46
504: 68 21.38
505: 45 6.24
506: 108 10.14
507: 55 7.27
508: 46 4.66
509: 63 4.26
510: 39 2.00
511: 33 5.79
512: 49 2.98
513: 39 6.23
514: 36 6.54
515: 47 5.24
516: 28 4.00
517: 36 7.62
518: 60 0.00
519: 38 1.87
520: 50 6.16
521: 58 4.43
522: 56 6.85
523: 55 4.00
524: 55 3.24
525: 60 2.83
526: 58 1.87
527: 52 5.79
528: 57 4.80
529: 55 3.24
530: 61 6.15
531: 56 6.06
532: 46 2.53
533: 54 5.10
534: 54 5.61
535: 41 8.54
536: 43 7.80
537: 38 7.68
538: 38 1.87
539: 38 7.68
540: 47 5.40
541: 41 4.77
542: 30 3.46
543: 31 6.07
544: 43 11.44
545: 25 3.56
546: 30 2.83
547: 29 1.66
548: 38 5.39
549: 44 8.60
550: 42 9.27
551: 36 4.90
552: 40 4.40
553: 49 16.46
554: 34 6.07
555: 36 5.90
556: 31 1.66
557: 38 8.68
558: 25 2.16
559: 45 7.21
560: 36 6.63
561: 31 4.44
562: 36 0.00
563: 46 7.14
564: 30 0.00
565: 40 0.00
566: 21 8.83
567: 25 0.00
568: 42 3.74
569: 42 1.10
570: 51 4.75
571: 17 4.97
572: 45 0.87
573: 36 3.29
574: 39 9.84
575: 35 5.52
576: 44 8.12
577: 38 8.34
578: 27 1.79
579: 33 1.50
580: 55 8.25
581: 50 4.85
582: 38 8.21
583: 80 5.12
584: 58 13.25
585: 38 8.80
586: 53 7.49
587: 47 5.11
588: 31 5.73
589: 40 4.83
590: 46 8.21
591: 41 5.18
592: 64 2.83
593: 59 13.85
594: 49 0.00
595: 65 13.91
596: 45 2.78
597: 59 14.45
598: 32 6.26
599: 66 13.71
600: 50 1.41
601: 81 19.54
602: 56 0.00
603: 103 7.95
604: 48 5.10
605: 54 5.79
606: 33 8.29
607: 34 2.31
608: 47 4.70
609: 39 4.33
610: 49 7.36
611: 37 5.76
612: 27 3.94
613: 36 6.54
614: 41 7.13
615: 29 2.36
616: 41 4.78
617: 54 4.94
618: 50 10.99
619: 33 7.87
620: 42 0.00
621: 46 2.62
622: 35 0.00
623: 47 3.77
624: 39 8.88
625: 34 3.40
meanWords : 52.84 meanVariance : 5.46
